[0707/155323.031:ERROR:process_memory_win.cc(73)] ReadMemory at 0x1b564500000 of 64 bytes failed: Only part of a ReadProcessMemory or WriteProcessMemory request was completed. (0x12B)
[0707/155323.033:WARNING:pe_image_reader.cc(340)] could not read dos header from C:\WINDOWS\System32\NSI.dll
[0707/155323.033:ERROR:process_memory_win.cc(73)] ReadMemory at 0x1b564500000 of 64 bytes failed: Only part of a ReadProcessMemory or WriteProcessMemory request was completed. (0x12B)
[0707/155323.033:WARNING:pe_image_reader.cc(340)] could not read dos header from C:\WINDOWS\System32\NSI.dll
[0707/155323.034:ERROR:process_memory_win.cc(73)] ReadMemory at 0x1b564395200 of 6656 bytes failed: Only part of a ReadProcessMemory or WriteProcessMemory request was completed. (0x12B)
[0707/155323.034:ERROR:process_snapshot_win.cc(322)] failed to read unloaded module data
[0707/155323.039:ERROR:process_memory_win.cc(73)] ReadMemory at 0x1b564500000 of 64 bytes failed: Only part of a ReadProcessMemory or WriteProcessMemory request was completed. (0x12B)
[0707/155323.039:WARNING:pe_image_reader.cc(340)] could not read dos header from C:\WINDOWS\System32\NSI.dll
[0707/155323.040:ERROR:process_memory_win.cc(73)] ReadMemory at 0x1b564799f30 of 72 bytes failed: Only part of a ReadProcessMemory or WriteProcessMemory request was completed. (0x12B)
[0707/155323.040:WARNING:pe_image_annotations_reader.cc(134)] could not read annotations list object in C:\Program Files (x86)\Google\Chrome\Application\83.0.4103.116\chrome_elf.dll
[0707/155323.040:ERROR:process_memory_win.cc(73)] ReadMemory at 0x1b5646162c0 of 72 bytes failed: Only part of a ReadProcessMemory or WriteProcessMemory request was completed. (0x12B)
[0707/155323.040:WARNING:pe_image_annotations_reader.cc(134)] could not read annotations list object in C:\Program Files (x86)\Google\Chrome\Application\83.0.4103.116\chrome.dll
[0707/155323.042:ERROR:process_memory_win.cc(73)] ReadMemory at 0x1b564500000 of 64 bytes failed: Only part of a ReadProcessMemory or WriteProcessMemory request was completed. (0x12B)
[0707/155323.042:WARNING:pe_image_reader.cc(340)] could not read dos header from C:\WINDOWS\System32\NSI.dll
[0707/155323.042:ERROR:process_memory_win.cc(73)] ReadMemory at 0x1b564500000 of 64 bytes failed: Only part of a ReadProcessMemory or WriteProcessMemory request was completed. (0x12B)
[0707/155323.042:WARNING:pe_image_reader.cc(340)] could not read dos header from C:\WINDOWS\System32\NSI.dll
[0707/155323.138:ERROR:process_memory_win.cc(73)] ReadMemory at 0x7ff7164a0000 of 64 bytes failed: Only part of a ReadProcessMemory or WriteProcessMemory request was completed. (0x12B)
[0707/155323.139:WARNING:pe_image_reader.cc(340)] could not read dos header from C:\Program Files (x86)\Google\Chrome\Application\chrome.exe
[0707/155323.139:ERROR:process_memory_win.cc(73)] ReadMemory at 0x7ffcc83e0000 of 64 bytes failed: Only part of a ReadProcessMemory or WriteProcessMemory request was completed. (0x12B)
[0707/155323.140:WARNING:pe_image_reader.cc(340)] could not read dos header from C:\WINDOWS\SYSTEM32\ntdll.dll
[0707/155323.140:ERROR:process_memory_win.cc(73)] ReadMemory at 0x7ffcc7d90000 of 64 bytes failed: Only part of a ReadProcessMemory or WriteProcessMemory request was completed. (0x12B)
[0707/155323.141:WARNING:pe_image_reader.cc(340)] could not read dos header from C:\WINDOWS\System32\KERNEL32.DLL
[0707/155323.141:ERROR:process_memory_win.cc(73)] ReadMemory at 0x7ffcc5460000 of 64 bytes failed: Only part of a ReadProcessMemory or WriteProcessMemory request was completed. (0x12B)
[0707/155323.141:WARNING:pe_image_reader.cc(340)] could not read dos header from C:\WINDOWS\System32\KERNELBASE.dll
[0707/155323.141:ERROR:process_memory_win.cc(73)] ReadMemory at 0x7ffc8ab20000 of 64 bytes failed: Only part of a ReadProcessMemory or WriteProcessMemory request was completed. (0x12B)
[0707/155323.141:WARNING:pe_image_reader.cc(340)] could not read dos header from C:\Program Files (x86)\Google\Chrome\Application\83.0.4103.116\chrome_elf.dll
[0707/155323.141:ERROR:process_memory_win.cc(73)] ReadMemory at 0x7ffcbf800000 of 64 bytes failed: Only part of a ReadProcessMemory or WriteProcessMemory request was completed. (0x12B)
[0707/155323.141:WARNING:pe_image_reader.cc(340)] could not read dos header from C:\WINDOWS\SYSTEM32\VERSION.dll
[0707/155323.141:ERROR:process_memory_win.cc(73)] ReadMemory at 0x7ffcc7650000 of 64 bytes failed: Only part of a ReadProcessMemory or WriteProcessMemory request was completed. (0x12B)
[0707/155323.141:WARNING:pe_image_reader.cc(340)] could not read dos header from C:\WINDOWS\System32\msvcrt.dll
[0707/155323.141:ERROR:process_memory_win.cc(73)] ReadMemory at 0x7ffcc6410000 of 64 bytes failed: Only part of a ReadProcessMemory or WriteProcessMemory request was completed. (0x12B)
[0707/155323.141:WARNING:pe_image_reader.cc(340)] could not read dos header from C:\WINDOWS\System32\bcryptPrimitives.dll
[0707/155323.141:ERROR:process_memory_win.cc(73)] ReadMemory at 0x7ffcc76f0000 of 64 bytes failed: Only part of a ReadProcessMemory or WriteProcessMemory request was completed. (0x12B)
[0707/155323.141:WARNING:pe_image_reader.cc(340)] could not read dos header from C:\WINDOWS\System32\ADVAPI32.dll
[0707/155323.141:ERROR:process_memory_win.cc(73)] ReadMemory at 0x7ffcc6540000 of 64 bytes failed: Only part of a ReadProcessMemory or WriteProcessMemory request was completed. (0x12B)
[0707/155323.141:WARNING:pe_image_reader.cc(340)] could not read dos header from C:\WINDOWS\System32\sechost.dll
[0707/155323.141:ERROR:process_memory_win.cc(73)] ReadMemory at 0x7ffcc7370000 of 64 bytes failed: Only part of a ReadProcessMemory or WriteProcessMemory request was completed. (0x12B)
[0707/155323.141:WARNING:pe_image_reader.cc(340)] could not read dos header from C:\WINDOWS\System32\RPCRT4.dll
[0707/155323.141:ERROR:process_memory_win.cc(73)] ReadMemory at 0x7ffc5ea60000 of 64 bytes failed: Only part of a ReadProcessMemory or WriteProcessMemory request was completed. (0x12B)
[0707/155323.141:WARNING:pe_image_reader.cc(340)] could not read dos header from C:\Program Files (x86)\Google\Chrome\Application\83.0.4103.116\chrome.dll
[0707/155323.141:ERROR:process_memory_win.cc(73)] ReadMemory at 0x7ffcc82d0000 of 64 bytes failed: Only part of a ReadProcessMemory or WriteProcessMemory request was completed. (0x12B)
[0707/155323.141:WARNING:pe_image_reader.cc(340)] could not read dos header from C:\WINDOWS\System32\WS2_32.dll
[0707/155323.141:ERROR:process_memory_win.cc(73)] ReadMemory at 0x7ffcc65e0000 of 64 bytes failed: Only part of a ReadProcessMemory or WriteProcessMemory request was completed. (0x12B)
[0707/155323.141:WARNING:pe_image_reader.cc(340)] could not read dos header from C:\WINDOWS\System32\OLEAUT32.dll
[0707/155323.141:ERROR:process_memory_win.cc(73)] ReadMemory at 0x7ffcc53c0000 of 64 bytes failed: Only part of a ReadProcessMemory or WriteProcessMemory request was completed. (0x12B)
[0707/155323.141:WARNING:pe_image_reader.cc(340)] could not read dos header from C:\WINDOWS\System32\msvcp_win.dll
[0707/155323.142:ERROR:process_memory_win.cc(73)] ReadMemory at 0x7ffcc5910000 of 64 bytes failed: Only part of a ReadProcessMemory or WriteProcessMemory request was completed. (0x12B)
[0707/155323.142:WARNING:pe_image_reader.cc(340)] could not read dos header from C:\WINDOWS\System32\ucrtbase.dll
[0707/155323.142:ERROR:process_memory_win.cc(73)] ReadMemory at 0x7ffcc6ed0000 of 64 bytes failed: Only part of a ReadProcessMemory or WriteProcessMemory request was completed. (0x12B)
[0707/155323.142:WARNING:pe_image_reader.cc(340)] could not read dos header from C:\WINDOWS\System32\combase.dll
[0707/155323.142:ERROR:process_memory_win.cc(73)] ReadMemory at 0x7ffcc5760000 of 64 bytes failed: Only part of a ReadProcessMemory or WriteProcessMemory request was completed. (0x12B)
[0707/155323.142:WARNING:pe_image_reader.cc(340)] could not read dos header from C:\WINDOWS\System32\WINTRUST.dll
[0707/155323.142:ERROR:process_memory_win.cc(73)] ReadMemory at 0x7ffcc52b0000 of 64 bytes failed: Only part of a ReadProcessMemory or WriteProcessMemory request was completed. (0x12B)
[0707/155323.142:WARNING:pe_image_reader.cc(340)] could not read dos header from C:\WINDOWS\System32\MSASN1.dll
[0707/155323.143:ERROR:process_memory_win.cc(73)] ReadMemory at 0x7ffcc57c0000 of 64 bytes failed: Only part of a ReadProcessMemory or WriteProcessMemory request was completed. (0x12B)
[0707/155323.143:WARNING:pe_image_reader.cc(340)] could not read dos header from C:\WINDOWS\System32\CRYPT32.dll
[0707/155323.143:ERROR:process_memory_win.cc(73)] ReadMemory at 0x7ffcc4820000 of 64 bytes failed: Only part of a ReadProcessMemory or WriteProcessMemory request was completed. (0x12B)
[0707/155323.143:WARNING:pe_image_reader.cc(340)] could not read dos header from C:\WINDOWS\SYSTEM32\IPHLPAPI.DLL
[0707/155323.143:ERROR:process_memory_win.cc(73)] ReadMemory at 0x7ffcc1f50000 of 64 bytes failed: Only part of a ReadProcessMemory or WriteProcessMemory request was completed. (0x12B)
[0707/155323.143:WARNING:pe_image_reader.cc(340)] could not read dos header from C:\WINDOWS\SYSTEM32\WINMM.dll
[0707/155323.143:ERROR:process_memory_win.cc(73)] ReadMemory at 0x7ffcb4b50000 of 64 bytes failed: Only part of a ReadProcessMemory or WriteProcessMemory request was completed. (0x12B)
[0707/155323.144:WARNING:pe_image_reader.cc(340)] could not read dos header from C:\WINDOWS\SYSTEM32\Secur32.dll
[0707/155323.144:ERROR:process_memory_win.cc(73)] ReadMemory at 0x7ffcc51c0000 of 64 bytes failed: Only part of a ReadProcessMemory or WriteProcessMemory request was completed. (0x12B)
[0707/155323.144:WARNING:pe_image_reader.cc(340)] could not read dos header from C:\WINDOWS\SYSTEM32\USERENV.dll
[0707/155323.144:ERROR:process_memory_win.cc(73)] ReadMemory at 0x7ffcc5340000 of 64 bytes failed: Only part of a ReadProcessMemory or WriteProcessMemory request was completed. (0x12B)
[0707/155323.144:WARNING:pe_image_reader.cc(340)] could not read dos header from C:\WINDOWS\System32\profapi.dll
[0707/155323.144:ERROR:process_memory_win.cc(73)] ReadMemory at 0x7ffc9ca20000 of 64 bytes failed: Only part of a ReadProcessMemory or WriteProcessMemory request was completed. (0x12B)
[0707/155323.144:WARNING:pe_image_reader.cc(340)] could not read dos header from C:\WINDOWS\SYSTEM32\UIAutomationCore.DLL
[0707/155323.144:ERROR:process_memory_win.cc(73)] ReadMemory at 0x7ffca0660000 of 64 bytes failed: Only part of a ReadProcessMemory or WriteProcessMemory request was completed. (0x12B)
[0707/155323.144:WARNING:pe_image_reader.cc(340)] could not read dos header from C:\WINDOWS\SYSTEM32\DWrite.dll
[0707/155323.144:ERROR:process_memory_win.cc(73)] ReadMemory at 0x7ffcb2eb0000 of 64 bytes failed: Only part of a ReadProcessMemory or WriteProcessMemory request was completed. (0x12B)
[0707/155323.144:WARNING:pe_image_reader.cc(340)] could not read dos header from C:\WINDOWS\SYSTEM32\WINSPOOL.DRV
[0707/155323.144:ERROR:process_memory_win.cc(73)] ReadMemory at 0x7ffcc52d0000 of 64 bytes failed: Only part of a ReadProcessMemory or WriteProcessMemory request was completed. (0x12B)
[0707/155323.144:WARNING:pe_image_reader.cc(340)] could not read dos header from C:\WINDOWS\System32\kernel.appcore.dll
[0707/155323.144:ERROR:process_memory_win.cc(73)] ReadMemory at 0x7ffcc5370000 of 64 bytes failed: Only part of a ReadProcessMemory or WriteProcessMemory request was completed. (0x12B)
[0707/155323.144:WARNING:pe_image_reader.cc(340)] could not read dos header from C:\WINDOWS\System32\bcrypt.dll
[0707/155323.144:ERROR:process_memory_win.cc(73)] ReadMemory at 0x7ffcba690000 of 64 bytes failed: Only part of a ReadProcessMemory or WriteProcessMemory request was completed. (0x12B)
[0707/155323.144:WARNING:pe_image_reader.cc(340)] could not read dos header from C:\WINDOWS\SYSTEM32\dbghelp.dll
[0707/155323.144:ERROR:process_memory_win.cc(73)] ReadMemory at 0x7ffcb6e30000 of 64 bytes failed: Only part of a ReadProcessMemory or WriteProcessMemory request was completed. (0x12B)
[0707/155323.144:WARNING:pe_image_reader.cc(340)] could not read dos header from C:\WINDOWS\SYSTEM32\WINHTTP.dll
[0707/155323.144:ERROR:process_memory_win.cc(73)] ReadMemory at 0x7ffcba4a0000 of 64 bytes failed: Only part of a ReadProcessMemory or WriteProcessMemory request was completed. (0x12B)
[0707/155323.144:WARNING:pe_image_reader.cc(340)] could not read dos header from C:\WINDOWS\SYSTEM32\dhcpcsvc.DLL
[0707/155323.144:ERROR:process_memory_win.cc(73)] ReadMemory at 0x1b564500000 of 64 bytes failed: Only part of a ReadProcessMemory or WriteProcessMemory request was completed. (0x12B)
[0707/155323.144:WARNING:pe_image_reader.cc(340)] could not read dos header from C:\WINDOWS\System32\NSI.dll
[0707/155323.144:ERROR:process_memory_win.cc(73)] ReadMemory at 0x7ffcc1f20000 of 64 bytes failed: Only part of a ReadProcessMemory or WriteProcessMemory request was completed. (0x12B)
[0707/155323.144:WARNING:pe_image_reader.cc(340)] could not read dos header from C:\WINDOWS\SYSTEM32\WINMMBASE.dll
[0707/155323.144:ERROR:process_memory_win.cc(73)] ReadMemory at 0x7ffcc5710000 of 64 bytes failed: Only part of a ReadProcessMemory or WriteProcessMemory request was completed. (0x12B)
[0707/155323.144:WARNING:pe_image_reader.cc(340)] could not read dos header from C:\WINDOWS\System32\cfgmgr32.dll
[0707/155323.144:ERROR:process_memory_win.cc(73)] ReadMemory at 0x7ffcc1b00000 of 64 bytes failed: Only part of a ReadProcessMemory or WriteProcessMemory request was completed. (0x12B)
[0707/155323.144:WARNING:pe_image_reader.cc(340)] could not read dos header from C:\WINDOWS\SYSTEM32\PROPSYS.dll
[0707/155323.144:ERROR:process_memory_win.cc(73)] ReadMemory at 0x7ffcc6490000 of 64 bytes failed: Only part of a ReadProcessMemory or WriteProcessMemory request was completed. (0x12B)
[0707/155323.144:WARNING:pe_image_reader.cc(340)] could not read dos header from C:\WINDOWS\System32\shcore.dll
[0707/155323.144:ERROR:process_memory_win.cc(73)] ReadMemory at 0x7ffcc5190000 of 64 bytes failed: Only part of a ReadProcessMemory or WriteProcessMemory request was completed. (0x12B)
[0707/155323.144:WARNING:pe_image_reader.cc(340)] could not read dos header from C:\WINDOWS\SYSTEM32\SSPICLI.DLL
[0707/155323.144:ERROR:process_memory_win.cc(73)] ReadMemory at 0x7ffcc4ce0000 of 64 bytes failed: Only part of a ReadProcessMemory or WriteProcessMemory request was completed. (0x12B)
[0707/155323.144:WARNING:pe_image_reader.cc(340)] could not read dos header from C:\WINDOWS\SYSTEM32\CRYPTBASE.DLL
[0707/155323.154:ERROR:process_memory_win.cc(73)] ReadMemory at 0x7ff7164a0000 of 64 bytes failed: Only part of a ReadProcessMemory or WriteProcessMemory request was completed. (0x12B)
[0707/155323.154:WARNING:pe_image_reader.cc(340)] could not read dos header from C:\Program Files (x86)\Google\Chrome\Application\chrome.exe
[0707/155323.199:ERROR:process_memory_win.cc(73)] ReadMemory at 0x7ffcc83e0000 of 64 bytes failed: Only part of a ReadProcessMemory or WriteProcessMemory request was completed. (0x12B)
[0707/155323.199:WARNING:pe_image_reader.cc(340)] could not read dos header from C:\WINDOWS\SYSTEM32\ntdll.dll
[0707/155323.199:ERROR:process_memory_win.cc(73)] ReadMemory at 0x7ffcc7d90000 of 64 bytes failed: Only part of a ReadProcessMemory or WriteProcessMemory request was completed. (0x12B)
[0707/155323.199:WARNING:pe_image_reader.cc(340)] could not read dos header from C:\WINDOWS\System32\KERNEL32.DLL
[0707/155323.199:ERROR:process_memory_win.cc(73)] ReadMemory at 0x7ffcc5460000 of 64 bytes failed: Only part of a ReadProcessMemory or WriteProcessMemory request was completed. (0x12B)
[0707/155323.199:WARNING:pe_image_reader.cc(340)] could not read dos header from C:\WINDOWS\System32\KERNELBASE.dll
[0707/155323.199:ERROR:process_memory_win.cc(73)] ReadMemory at 0x7ffc8ab20000 of 64 bytes failed: Only part of a ReadProcessMemory or WriteProcessMemory request was completed. (0x12B)
[0707/155323.199:WARNING:pe_image_reader.cc(340)] could not read dos header from C:\Program Files (x86)\Google\Chrome\Application\83.0.4103.116\chrome_elf.dll
[0707/155323.199:ERROR:process_memory_win.cc(73)] ReadMemory at 0x7ffcbf800000 of 64 bytes failed: Only part of a ReadProcessMemory or WriteProcessMemory request was completed. (0x12B)
[0707/155323.199:WARNING:pe_image_reader.cc(340)] could not read dos header from C:\WINDOWS\SYSTEM32\VERSION.dll
[0707/155323.200:ERROR:process_memory_win.cc(73)] ReadMemory at 0x7ffcc7650000 of 64 bytes failed: Only part of a ReadProcessMemory or WriteProcessMemory request was completed. (0x12B)
[0707/155323.200:WARNING:pe_image_reader.cc(340)] could not read dos header from C:\WINDOWS\System32\msvcrt.dll
[0707/155323.200:ERROR:process_memory_win.cc(73)] ReadMemory at 0x7ffcc6410000 of 64 bytes failed: Only part of a ReadProcessMemory or WriteProcessMemory request was completed. (0x12B)
[0707/155323.200:WARNING:pe_image_reader.cc(340)] could not read dos header from C:\WINDOWS\System32\bcryptPrimitives.dll
[0707/155323.200:ERROR:process_memory_win.cc(73)] ReadMemory at 0x7ffcc76f0000 of 64 bytes failed: Only part of a ReadProcessMemory or WriteProcessMemory request was completed. (0x12B)
[0707/155323.200:WARNING:pe_image_reader.cc(340)] could not read dos header from C:\WINDOWS\System32\ADVAPI32.dll
[0707/155323.200:ERROR:process_memory_win.cc(73)] ReadMemory at 0x7ffcc6540000 of 64 bytes failed: Only part of a ReadProcessMemory or WriteProcessMemory request was completed. (0x12B)
[0707/155323.200:WARNING:pe_image_reader.cc(340)] could not read dos header from C:\WINDOWS\System32\sechost.dll
[0707/155323.200:ERROR:process_memory_win.cc(73)] ReadMemory at 0x7ffcc7370000 of 64 bytes failed: Only part of a ReadProcessMemory or WriteProcessMemory request was completed. (0x12B)
[0707/155323.200:WARNING:pe_image_reader.cc(340)] could not read dos header from C:\WINDOWS\System32\RPCRT4.dll
[0707/155323.200:ERROR:process_memory_win.cc(73)] ReadMemory at 0x7ffc5ea60000 of 64 bytes failed: Only part of a ReadProcessMemory or WriteProcessMemory request was completed. (0x12B)
[0707/155323.200:WARNING:pe_image_reader.cc(340)] could not read dos header from C:\Program Files (x86)\Google\Chrome\Application\83.0.4103.116\chrome.dll
[0707/155323.200:ERROR:process_memory_win.cc(73)] ReadMemory at 0x7ffcc82d0000 of 64 bytes failed: Only part of a ReadProcessMemory or WriteProcessMemory request was completed. (0x12B)
[0707/155323.200:WARNING:pe_image_reader.cc(340)] could not read dos header from C:\WINDOWS\System32\WS2_32.dll
[0707/155323.200:ERROR:process_memory_win.cc(73)] ReadMemory at 0x7ffcc65e0000 of 64 bytes failed: Only part of a ReadProcessMemory or WriteProcessMemory request was completed. (0x12B)
[0707/155323.200:WARNING:pe_image_reader.cc(340)] could not read dos header from C:\WINDOWS\System32\OLEAUT32.dll
[0707/155323.200:ERROR:process_memory_win.cc(73)] ReadMemory at 0x7ffcc53c0000 of 64 bytes failed: Only part of a ReadProcessMemory or WriteProcessMemory request was completed. (0x12B)
[0707/155323.200:WARNING:pe_image_reader.cc(340)] could not read dos header from C:\WINDOWS\System32\msvcp_win.dll
[0707/155323.200:ERROR:process_memory_win.cc(73)] ReadMemory at 0x7ffcc5910000 of 64 bytes failed: Only part of a ReadProcessMemory or WriteProcessMemory request was completed. (0x12B)
[0707/155323.200:WARNING:pe_image_reader.cc(340)] could not read dos header from C:\WINDOWS\System32\ucrtbase.dll
[0707/155323.201:ERROR:process_memory_win.cc(73)] ReadMemory at 0x7ffcc6ed0000 of 64 bytes failed: Only part of a ReadProcessMemory or WriteProcessMemory request was completed. (0x12B)
[0707/155323.201:WARNING:pe_image_reader.cc(340)] could not read dos header from C:\WINDOWS\System32\combase.dll
[0707/155323.201:ERROR:process_memory_win.cc(73)] ReadMemory at 0x7ffcc5760000 of 64 bytes failed: Only part of a ReadProcessMemory or WriteProcessMemory request was completed. (0x12B)
[0707/155323.201:WARNING:pe_image_reader.cc(340)] could not read dos header from C:\WINDOWS\System32\WINTRUST.dll
[0707/155323.201:ERROR:process_memory_win.cc(73)] ReadMemory at 0x7ffcc52b0000 of 64 bytes failed: Only part of a ReadProcessMemory or WriteProcessMemory request was completed. (0x12B)
[0707/155323.201:WARNING:pe_image_reader.cc(340)] could not read dos header from C:\WINDOWS\System32\MSASN1.dll
[0707/155323.201:ERROR:process_memory_win.cc(73)] ReadMemory at 0x7ffcc57c0000 of 64 bytes failed: Only part of a ReadProcessMemory or WriteProcessMemory request was completed. (0x12B)
[0707/155323.201:WARNING:pe_image_reader.cc(340)] could not read dos header from C:\WINDOWS\System32\CRYPT32.dll
[0707/155323.201:ERROR:process_memory_win.cc(73)] ReadMemory at 0x7ffcc4820000 of 64 bytes failed: Only part of a ReadProcessMemory or WriteProcessMemory request was completed. (0x12B)
[0707/155323.201:WARNING:pe_image_reader.cc(340)] could not read dos header from C:\WINDOWS\SYSTEM32\IPHLPAPI.DLL
[0707/155323.201:ERROR:process_memory_win.cc(73)] ReadMemory at 0x7ffcc1f50000 of 64 bytes failed: Only part of a ReadProcessMemory or WriteProcessMemory request was completed. (0x12B)
[0707/155323.201:WARNING:pe_image_reader.cc(340)] could not read dos header from C:\WINDOWS\SYSTEM32\WINMM.dll
[0707/155323.201:ERROR:process_memory_win.cc(73)] ReadMemory at 0x7ffcb4b50000 of 64 bytes failed: Only part of a ReadProcessMemory or WriteProcessMemory request was completed. (0x12B)
[0707/155323.201:WARNING:pe_image_reader.cc(340)] could not read dos header from C:\WINDOWS\SYSTEM32\Secur32.dll
[0707/155323.201:ERROR:process_memory_win.cc(73)] ReadMemory at 0x7ffcc51c0000 of 64 bytes failed: Only part of a ReadProcessMemory or WriteProcessMemory request was completed. (0x12B)
[0707/155323.201:WARNING:pe_image_reader.cc(340)] could not read dos header from C:\WINDOWS\SYSTEM32\USERENV.dll
[0707/155323.201:ERROR:process_memory_win.cc(73)] ReadMemory at 0x7ffcc5340000 of 64 bytes failed: Only part of a ReadProcessMemory or WriteProcessMemory request was completed. (0x12B)
[0707/155323.201:WARNING:pe_image_reader.cc(340)] could not read dos header from C:\WINDOWS\System32\profapi.dll
[0707/155323.201:ERROR:process_memory_win.cc(73)] ReadMemory at 0x7ffc9ca20000 of 64 bytes failed: Only part of a ReadProcessMemory or WriteProcessMemory request was completed. (0x12B)
[0707/155323.201:WARNING:pe_image_reader.cc(340)] could not read dos header from C:\WINDOWS\SYSTEM32\UIAutomationCore.DLL
[0707/155323.202:ERROR:process_memory_win.cc(73)] ReadMemory at 0x7ffca0660000 of 64 bytes failed: Only part of a ReadProcessMemory or WriteProcessMemory request was completed. (0x12B)
[0707/155323.203:WARNING:pe_image_reader.cc(340)] could not read dos header from C:\WINDOWS\SYSTEM32\DWrite.dll
[0707/155323.203:ERROR:process_memory_win.cc(73)] ReadMemory at 0x7ffcb2eb0000 of 64 bytes failed: Only part of a ReadProcessMemory or WriteProcessMemory request was completed. (0x12B)
[0707/155323.203:WARNING:pe_image_reader.cc(340)] could not read dos header from C:\WINDOWS\SYSTEM32\WINSPOOL.DRV
[0707/155323.203:ERROR:process_memory_win.cc(73)] ReadMemory at 0x7ffcc52d0000 of 64 bytes failed: Only part of a ReadProcessMemory or WriteProcessMemory request was completed. (0x12B)
[0707/155323.203:WARNING:pe_image_reader.cc(340)] could not read dos header from C:\WINDOWS\System32\kernel.appcore.dll
[0707/155323.203:ERROR:process_memory_win.cc(73)] ReadMemory at 0x7ffcc5370000 of 64 bytes failed: Only part of a ReadProcessMemory or WriteProcessMemory request was completed. (0x12B)
[0707/155323.203:WARNING:pe_image_reader.cc(340)] could not read dos header from C:\WINDOWS\System32\bcrypt.dll
[0707/155323.203:ERROR:process_memory_win.cc(73)] ReadMemory at 0x7ffcba690000 of 64 bytes failed: Only part of a ReadProcessMemory or WriteProcessMemory request was completed. (0x12B)
[0707/155323.207:WARNING:pe_image_reader.cc(340)] could not read dos header from C:\WINDOWS\SYSTEM32\dbghelp.dll
[0707/155323.207:ERROR:process_memory_win.cc(73)] ReadMemory at 0x7ffcb6e30000 of 64 bytes failed: Only part of a ReadProcessMemory or WriteProcessMemory request was completed. (0x12B)
[0707/155323.207:WARNING:pe_image_reader.cc(340)] could not read dos header from C:\WINDOWS\SYSTEM32\WINHTTP.dll
[0707/155323.207:ERROR:process_memory_win.cc(73)] ReadMemory at 0x7ffcba4a0000 of 64 bytes failed: Only part of a ReadProcessMemory or WriteProcessMemory request was completed. (0x12B)
[0707/155323.207:WARNING:pe_image_reader.cc(340)] could not read dos header from C:\WINDOWS\SYSTEM32\dhcpcsvc.DLL
[0707/155323.207:ERROR:process_memory_win.cc(73)] ReadMemory at 0x1b564500000 of 64 bytes failed: Only part of a ReadProcessMemory or WriteProcessMemory request was completed. (0x12B)
[0707/155323.207:WARNING:pe_image_reader.cc(340)] could not read dos header from C:\WINDOWS\System32\NSI.dll
[0707/155323.209:ERROR:process_memory_win.cc(73)] ReadMemory at 0x7ffcc1f20000 of 64 bytes failed: Only part of a ReadProcessMemory or WriteProcessMemory request was completed. (0x12B)
[0707/155323.211:WARNING:pe_image_reader.cc(340)] could not read dos header from C:\WINDOWS\SYSTEM32\WINMMBASE.dll
[0707/155323.211:ERROR:process_memory_win.cc(73)] ReadMemory at 0x7ffcc5710000 of 64 bytes failed: Only part of a ReadProcessMemory or WriteProcessMemory request was completed. (0x12B)
[0707/155323.211:WARNING:pe_image_reader.cc(340)] could not read dos header from C:\WINDOWS\System32\cfgmgr32.dll
[0707/155323.211:ERROR:process_memory_win.cc(73)] ReadMemory at 0x7ffcc1b00000 of 64 bytes failed: Only part of a ReadProcessMemory or WriteProcessMemory request was completed. (0x12B)
[0707/155323.272:WARNING:pe_image_reader.cc(340)] could not read dos header from C:\WINDOWS\SYSTEM32\PROPSYS.dll
[0707/155323.273:ERROR:process_memory_win.cc(73)] ReadMemory at 0x7ffcc6490000 of 64 bytes failed: Only part of a ReadProcessMemory or WriteProcessMemory request was completed. (0x12B)
[0707/155323.273:WARNING:pe_image_reader.cc(340)] could not read dos header from C:\WINDOWS\System32\shcore.dll
[0707/155323.273:ERROR:process_memory_win.cc(73)] ReadMemory at 0x7ffcc5190000 of 64 bytes failed: Only part of a ReadProcessMemory or WriteProcessMemory request was completed. (0x12B)
[0707/155323.273:WARNING:pe_image_reader.cc(340)] could not read dos header from C:\WINDOWS\SYSTEM32\SSPICLI.DLL
[0707/155323.273:ERROR:process_memory_win.cc(73)] ReadMemory at 0x7ffcc4ce0000 of 64 bytes failed: Only part of a ReadProcessMemory or WriteProcessMemory request was completed. (0x12B)
[0707/155323.273:WARNING:pe_image_reader.cc(340)] could not read dos header from C:\WINDOWS\SYSTEM32\CRYPTBASE.DLL
[0707/155323.273:ERROR:process_memory_win.cc(73)] ReadMemory at 0x7ff7164a0000 of 64 bytes failed: Only part of a ReadProcessMemory or WriteProcessMemory request was completed. (0x12B)
[0707/155323.273:WARNING:pe_image_reader.cc(340)] could not read dos header from C:\Program Files (x86)\Google\Chrome\Application\chrome.exe
[0707/155323.273:ERROR:process_memory_win.cc(73)] ReadMemory at 0x7ffcc83e0000 of 64 bytes failed: Only part of a ReadProcessMemory or WriteProcessMemory request was completed. (0x12B)
[0707/155323.273:WARNING:pe_image_reader.cc(340)] could not read dos header from C:\WINDOWS\SYSTEM32\ntdll.dll
[0707/155323.273:ERROR:process_memory_win.cc(73)] ReadMemory at 0x7ffcc7d90000 of 64 bytes failed: Only part of a ReadProcessMemory or WriteProcessMemory request was completed. (0x12B)
[0707/155323.273:WARNING:pe_image_reader.cc(340)] could not read dos header from C:\WINDOWS\System32\KERNEL32.DLL
[0707/155323.273:ERROR:process_memory_win.cc(73)] ReadMemory at 0x7ffcc5460000 of 64 bytes failed: Only part of a ReadProcessMemory or WriteProcessMemory request was completed. (0x12B)
[0707/155323.274:WARNING:pe_image_reader.cc(340)] could not read dos header from C:\WINDOWS\System32\KERNELBASE.dll
[0707/155323.274:ERROR:process_memory_win.cc(73)] ReadMemory at 0x7ffc8ab20000 of 64 bytes failed: Only part of a ReadProcessMemory or WriteProcessMemory request was completed. (0x12B)
[0707/155323.274:WARNING:pe_image_reader.cc(340)] could not read dos header from C:\Program Files (x86)\Google\Chrome\Application\83.0.4103.116\chrome_elf.dll
[0707/155323.274:ERROR:process_memory_win.cc(73)] ReadMemory at 0x7ffcbf800000 of 64 bytes failed: Only part of a ReadProcessMemory or WriteProcessMemory request was completed. (0x12B)
[0707/155323.274:WARNING:pe_image_reader.cc(340)] could not read dos header from C:\WINDOWS\SYSTEM32\VERSION.dll
[0707/155323.274:ERROR:process_memory_win.cc(73)] ReadMemory at 0x7ffcc7650000 of 64 bytes failed: Only part of a ReadProcessMemory or WriteProcessMemory request was completed. (0x12B)
[0707/155323.274:WARNING:pe_image_reader.cc(340)] could not read dos header from C:\WINDOWS\System32\msvcrt.dll
[0707/155323.274:ERROR:process_memory_win.cc(73)] ReadMemory at 0x7ffcc6410000 of 64 bytes failed: Only part of a ReadProcessMemory or WriteProcessMemory request was completed. (0x12B)
[0707/155323.274:WARNING:pe_image_reader.cc(340)] could not read dos header from C:\WINDOWS\System32\bcryptPrimitives.dll
[0707/155323.274:ERROR:process_memory_win.cc(73)] ReadMemory at 0x7ffcc76f0000 of 64 bytes failed: Only part of a ReadProcessMemory or WriteProcessMemory request was completed. (0x12B)
[0707/155323.274:WARNING:pe_image_reader.cc(340)] could not read dos header from C:\WINDOWS\System32\ADVAPI32.dll
[0707/155323.274:ERROR:process_memory_win.cc(73)] ReadMemory at 0x7ffcc6540000 of 64 bytes failed: Only part of a ReadProcessMemory or WriteProcessMemory request was completed. (0x12B)
[0707/155323.274:WARNING:pe_image_reader.cc(340)] could not read dos header from C:\WINDOWS\System32\sechost.dll
[0707/155323.274:ERROR:process_memory_win.cc(73)] ReadMemory at 0x7ffcc7370000 of 64 bytes failed: Only part of a ReadProcessMemory or WriteProcessMemory request was completed. (0x12B)
[0707/155323.274:WARNING:pe_image_reader.cc(340)] could not read dos header from C:\WINDOWS\System32\RPCRT4.dll
[0707/155323.274:ERROR:process_memory_win.cc(73)] ReadMemory at 0x7ffc5ea60000 of 64 bytes failed: Only part of a ReadProcessMemory or WriteProcessMemory request was completed. (0x12B)
[0707/155323.274:WARNING:pe_image_reader.cc(340)] could not read dos header from C:\Program Files (x86)\Google\Chrome\Application\83.0.4103.116\chrome.dll
[0707/155323.274:ERROR:process_memory_win.cc(73)] ReadMemory at 0x7ffcc82d0000 of 64 bytes failed: Only part of a ReadProcessMemory or WriteProcessMemory request was completed. (0x12B)
[0707/155323.274:WARNING:pe_image_reader.cc(340)] could not read dos header from C:\WINDOWS\System32\WS2_32.dll
[0707/155323.274:ERROR:process_memory_win.cc(73)] ReadMemory at 0x7ffcc65e0000 of 64 bytes failed: Only part of a ReadProcessMemory or WriteProcessMemory request was completed. (0x12B)
[0707/155323.274:WARNING:pe_image_reader.cc(340)] could not read dos header from C:\WINDOWS\System32\OLEAUT32.dll
[0707/155323.275:ERROR:process_memory_win.cc(73)] ReadMemory at 0x7ffcc53c0000 of 64 bytes failed: Only part of a ReadProcessMemory or WriteProcessMemory request was completed. (0x12B)
[0707/155323.275:WARNING:pe_image_reader.cc(340)] could not read dos header from C:\WINDOWS\System32\msvcp_win.dll
[0707/155323.275:ERROR:process_memory_win.cc(73)] ReadMemory at 0x7ffcc5910000 of 64 bytes failed: Only part of a ReadProcessMemory or WriteProcessMemory request was completed. (0x12B)
[0707/155323.275:WARNING:pe_image_reader.cc(340)] could not read dos header from C:\WINDOWS\System32\ucrtbase.dll
[0707/155323.275:ERROR:process_memory_win.cc(73)] ReadMemory at 0x7ffcc6ed0000 of 64 bytes failed: Only part of a ReadProcessMemory or WriteProcessMemory request was completed. (0x12B)
[0707/155323.275:WARNING:pe_image_reader.cc(340)] could not read dos header from C:\WINDOWS\System32\combase.dll
[0707/155323.275:ERROR:process_memory_win.cc(73)] ReadMemory at 0x7ffcc5760000 of 64 bytes failed: Only part of a ReadProcessMemory or WriteProcessMemory request was completed. (0x12B)
[0707/155323.276:WARNING:pe_image_reader.cc(340)] could not read dos header from C:\WINDOWS\System32\WINTRUST.dll
[0707/155323.276:ERROR:process_memory_win.cc(73)] ReadMemory at 0x7ffcc52b0000 of 64 bytes failed: Only part of a ReadProcessMemory or WriteProcessMemory request was completed. (0x12B)
[0707/155323.276:WARNING:pe_image_reader.cc(340)] could not read dos header from C:\WINDOWS\System32\MSASN1.dll
[0707/155323.276:ERROR:process_memory_win.cc(73)] ReadMemory at 0x7ffcc57c0000 of 64 bytes failed: Only part of a ReadProcessMemory or WriteProcessMemory request was completed. (0x12B)
[0707/155323.276:WARNING:pe_image_reader.cc(340)] could not read dos header from C:\WINDOWS\System32\CRYPT32.dll
[0707/155323.276:ERROR:process_memory_win.cc(73)] ReadMemory at 0x7ffcc4820000 of 64 bytes failed: Only part of a ReadProcessMemory or WriteProcessMemory request was completed. (0x12B)
[0707/155323.276:WARNING:pe_image_reader.cc(340)] could not read dos header from C:\WINDOWS\SYSTEM32\IPHLPAPI.DLL
[0707/155323.276:ERROR:process_memory_win.cc(73)] ReadMemory at 0x7ffcc1f50000 of 64 bytes failed: Only part of a ReadProcessMemory or WriteProcessMemory request was completed. (0x12B)
[0707/155323.276:WARNING:pe_image_reader.cc(340)] could not read dos header from C:\WINDOWS\SYSTEM32\WINMM.dll
[0707/155323.276:ERROR:process_memory_win.cc(73)] ReadMemory at 0x7ffcb4b50000 of 64 bytes failed: Only part of a ReadProcessMemory or WriteProcessMemory request was completed. (0x12B)
[0707/155323.276:WARNING:pe_image_reader.cc(340)] could not read dos header from C:\WINDOWS\SYSTEM32\Secur32.dll
[0707/155323.276:ERROR:process_memory_win.cc(73)] ReadMemory at 0x7ffcc51c0000 of 64 bytes failed: Only part of a ReadProcessMemory or WriteProcessMemory request was completed. (0x12B)
[0707/155323.276:WARNING:pe_image_reader.cc(340)] could not read dos header from C:\WINDOWS\SYSTEM32\USERENV.dll
[0707/155323.276:ERROR:process_memory_win.cc(73)] ReadMemory at 0x7ffcc5340000 of 64 bytes failed: Only part of a ReadProcessMemory or WriteProcessMemory request was completed. (0x12B)
[0707/155323.276:WARNING:pe_image_reader.cc(340)] could not read dos header from C:\WINDOWS\System32\profapi.dll
[0707/155323.276:ERROR:process_memory_win.cc(73)] ReadMemory at 0x7ffc9ca20000 of 64 bytes failed: Only part of a ReadProcessMemory or WriteProcessMemory request was completed. (0x12B)
[0707/155323.276:WARNING:pe_image_reader.cc(340)] could not read dos header from C:\WINDOWS\SYSTEM32\UIAutomationCore.DLL
[0707/155323.277:ERROR:process_memory_win.cc(73)] ReadMemory at 0x7ffca0660000 of 64 bytes failed: Only part of a ReadProcessMemory or WriteProcessMemory request was completed. (0x12B)
[0707/155323.277:WARNING:pe_image_reader.cc(340)] could not read dos header from C:\WINDOWS\SYSTEM32\DWrite.dll
[0707/155323.277:ERROR:process_memory_win.cc(73)] ReadMemory at 0x7ffcb2eb0000 of 64 bytes failed: Only part of a ReadProcessMemory or WriteProcessMemory request was completed. (0x12B)
[0707/155323.277:WARNING:pe_image_reader.cc(340)] could not read dos header from C:\WINDOWS\SYSTEM32\WINSPOOL.DRV
[0707/155323.277:ERROR:process_memory_win.cc(73)] ReadMemory at 0x7ffcc52d0000 of 64 bytes failed: Only part of a ReadProcessMemory or WriteProcessMemory request was completed. (0x12B)
[0707/155323.277:WARNING:pe_image_reader.cc(340)] could not read dos header from C:\WINDOWS\System32\kernel.appcore.dll
[0707/155323.277:ERROR:process_memory_win.cc(73)] ReadMemory at 0x7ffcc5370000 of 64 bytes failed: Only part of a ReadProcessMemory or WriteProcessMemory request was completed. (0x12B)
[0707/155323.277:WARNING:pe_image_reader.cc(340)] could not read dos header from C:\WINDOWS\System32\bcrypt.dll
[0707/155323.277:ERROR:process_memory_win.cc(73)] ReadMemory at 0x7ffcba690000 of 64 bytes failed: Only part of a ReadProcessMemory or WriteProcessMemory request was completed. (0x12B)
[0707/155323.277:WARNING:pe_image_reader.cc(340)] could not read dos header from C:\WINDOWS\SYSTEM32\dbghelp.dll
[0707/155323.277:ERROR:process_memory_win.cc(73)] ReadMemory at 0x7ffcb6e30000 of 64 bytes failed: Only part of a ReadProcessMemory or WriteProcessMemory request was completed. (0x12B)
[0707/155323.277:WARNING:pe_image_reader.cc(340)] could not read dos header from C:\WINDOWS\SYSTEM32\WINHTTP.dll
[0707/155323.277:ERROR:process_memory_win.cc(73)] ReadMemory at 0x7ffcba4a0000 of 64 bytes failed: Only part of a ReadProcessMemory or WriteProcessMemory request was completed. (0x12B)
[0707/155323.277:WARNING:pe_image_reader.cc(340)] could not read dos header from C:\WINDOWS\SYSTEM32\dhcpcsvc.DLL
[0707/155323.277:ERROR:process_memory_win.cc(73)] ReadMemory at 0x1b564500000 of 64 bytes failed: Only part of a ReadProcessMemory or WriteProcessMemory request was completed. (0x12B)
[0707/155323.277:WARNING:pe_image_reader.cc(340)] could not read dos header from C:\WINDOWS\System32\NSI.dll
[0707/155323.277:ERROR:process_memory_win.cc(73)] ReadMemory at 0x7ffcc1f20000 of 64 bytes failed: Only part of a ReadProcessMemory or WriteProcessMemory request was completed. (0x12B)
[0707/155323.277:WARNING:pe_image_reader.cc(340)] could not read dos header from C:\WINDOWS\SYSTEM32\WINMMBASE.dll
[0707/155323.277:ERROR:process_memory_win.cc(73)] ReadMemory at 0x7ffcc5710000 of 64 bytes failed: Only part of a ReadProcessMemory or WriteProcessMemory request was completed. (0x12B)
[0707/155323.277:WARNING:pe_image_reader.cc(340)] could not read dos header from C:\WINDOWS\System32\cfgmgr32.dll
[0707/155323.277:ERROR:process_memory_win.cc(73)] ReadMemory at 0x7ffcc1b00000 of 64 bytes failed: Only part of a ReadProcessMemory or WriteProcessMemory request was completed. (0x12B)
[0707/155323.277:WARNING:pe_image_reader.cc(340)] could not read dos header from C:\WINDOWS\SYSTEM32\PROPSYS.dll
[0707/155323.277:ERROR:process_memory_win.cc(73)] ReadMemory at 0x7ffcc6490000 of 64 bytes failed: Only part of a ReadProcessMemory or WriteProcessMemory request was completed. (0x12B)
[0707/155323.277:WARNING:pe_image_reader.cc(340)] could not read dos header from C:\WINDOWS\System32\shcore.dll
[0707/155323.277:ERROR:process_memory_win.cc(73)] ReadMemory at 0x7ffcc5190000 of 64 bytes failed: Only part of a ReadProcessMemory or WriteProcessMemory request was completed. (0x12B)
[0707/155323.277:WARNING:pe_image_reader.cc(340)] could not read dos header from C:\WINDOWS\SYSTEM32\SSPICLI.DLL
[0707/155323.278:ERROR:process_memory_win.cc(73)] ReadMemory at 0x7ffcc4ce0000 of 64 bytes failed: Only part of a ReadProcessMemory or WriteProcessMemory request was completed. (0x12B)
[0707/155323.278:WARNING:pe_image_reader.cc(340)] could not read dos header from C:\WINDOWS\SYSTEM32\CRYPTBASE.DLL
[0707/155323.287:ERROR:process_memory_win.cc(73)] ReadMemory at 0x67797f9000 of 28672 bytes failed: Only part of a ReadProcessMemory or WriteProcessMemory request was completed. (0x12B)
[0707/155323.287:ERROR:process_memory_win.cc(73)] ReadMemory at 0x6779ffd000 of 12288 bytes failed: Only part of a ReadProcessMemory or WriteProcessMemory request was completed. (0x12B)
[0707/155323.287:ERROR:process_memory_win.cc(73)] ReadMemory at 0x677a7fd000 of 12288 bytes failed: Only part of a ReadProcessMemory or WriteProcessMemory request was completed. (0x12B)
[0707/155323.288:ERROR:process_memory_win.cc(73)] ReadMemory at 0x677affc000 of 16384 bytes failed: Only part of a ReadProcessMemory or WriteProcessMemory request was completed. (0x12B)
[0707/155323.288:ERROR:process_memory_win.cc(73)] ReadMemory at 0x677b7fc000 of 16384 bytes failed: Only part of a ReadProcessMemory or WriteProcessMemory request was completed. (0x12B)
[0707/155323.288:ERROR:process_memory_win.cc(73)] ReadMemory at 0x677bfff000 of 4096 bytes failed: Only part of a ReadProcessMemory or WriteProcessMemory request was completed. (0x12B)
[0707/155323.288:ERROR:process_memory_win.cc(73)] ReadMemory at 0x677c7fd000 of 12288 bytes failed: Only part of a ReadProcessMemory or WriteProcessMemory request was completed. (0x12B)
[0707/155323.288:ERROR:process_memory_win.cc(73)] ReadMemory at 0x677cffd000 of 12288 bytes failed: Only part of a ReadProcessMemory or WriteProcessMemory request was completed. (0x12B)
[0707/155323.288:ERROR:process_memory_win.cc(73)] ReadMemory at 0x677d7fd000 of 12288 bytes failed: Only part of a ReadProcessMemory or WriteProcessMemory request was completed. (0x12B)
[0707/155323.288:ERROR:process_memory_win.cc(73)] ReadMemory at 0x677dffd000 of 12288 bytes failed: Only part of a ReadProcessMemory or WriteProcessMemory request was completed. (0x12B)
[0707/155323.288:ERROR:process_memory_win.cc(73)] ReadMemory at 0x677e7fd000 of 12288 bytes failed: Only part of a ReadProcessMemory or WriteProcessMemory request was completed. (0x12B)
[0707/155323.288:ERROR:process_memory_win.cc(73)] ReadMemory at 0x677effd000 of 12288 bytes failed: Only part of a ReadProcessMemory or WriteProcessMemory request was completed. (0x12B)
[0707/155323.288:ERROR:process_memory_win.cc(73)] ReadMemory at 0x677f7fd000 of 12288 bytes failed: Only part of a ReadProcessMemory or WriteProcessMemory request was completed. (0x12B)
[0707/155323.288:ERROR:process_memory_win.cc(73)] ReadMemory at 0x6778e92000 of 852 bytes failed: Only part of a ReadProcessMemory or WriteProcessMemory request was completed. (0x12B)
[0707/155323.288:ERROR:process_memory_win.cc(73)] ReadMemory at 0x6778e93000 of 6024 bytes failed: Only part of a ReadProcessMemory or WriteProcessMemory request was completed. (0x12B)
[0707/155323.288:ERROR:process_memory_win.cc(73)] ReadMemory at 0x6778e95000 of 6024 bytes failed: Only part of a ReadProcessMemory or WriteProcessMemory request was completed. (0x12B)
[0707/155323.288:ERROR:process_memory_win.cc(73)] ReadMemory at 0x6778e97000 of 6024 bytes failed: Only part of a ReadProcessMemory or WriteProcessMemory request was completed. (0x12B)
[0707/155323.288:ERROR:process_memory_win.cc(73)] ReadMemory at 0x6778e99000 of 6024 bytes failed: Only part of a ReadProcessMemory or WriteProcessMemory request was completed. (0x12B)
[0707/155323.288:ERROR:process_memory_win.cc(73)] ReadMemory at 0x6778e9b000 of 6024 bytes failed: Only part of a ReadProcessMemory or WriteProcessMemory request was completed. (0x12B)
[0707/155323.288:ERROR:process_memory_win.cc(73)] ReadMemory at 0x6778e9d000 of 6024 bytes failed: Only part of a ReadProcessMemory or WriteProcessMemory request was completed. (0x12B)
[0707/155323.288:ERROR:process_memory_win.cc(73)] ReadMemory at 0x6778e9f000 of 6024 bytes failed: Only part of a ReadProcessMemory or WriteProcessMemory request was completed. (0x12B)
[0707/155323.288:ERROR:process_memory_win.cc(73)] ReadMemory at 0x6778ea1000 of 6024 bytes failed: Only part of a ReadProcessMemory or WriteProcessMemory request was completed. (0x12B)
[0707/155323.288:ERROR:process_memory_win.cc(73)] ReadMemory at 0x6778ea3000 of 6024 bytes failed: Only part of a ReadProcessMemory or WriteProcessMemory request was completed. (0x12B)
[0707/155323.288:ERROR:process_memory_win.cc(73)] ReadMemory at 0x6778ea5000 of 6024 bytes failed: Only part of a ReadProcessMemory or WriteProcessMemory request was completed. (0x12B)
[0707/155323.288:ERROR:process_memory_win.cc(73)] ReadMemory at 0x6778ea7000 of 6024 bytes failed: Only part of a ReadProcessMemory or WriteProcessMemory request was completed. (0x12B)
[0707/155323.288:ERROR:process_memory_win.cc(73)] ReadMemory at 0x6778ea9000 of 6024 bytes failed: Only part of a ReadProcessMemory or WriteProcessMemory request was completed. (0x12B)
[0707/155323.291:ERROR:process_memory_win.cc(73)] ReadMemory at 0x6778eab000 of 6024 bytes failed: Only part of a ReadProcessMemory or WriteProcessMemory request was completed. (0x12B)
[0707/155323.291:ERROR:process_memory_win.cc(73)] ReadMemory at 0x1b564380fe0 of 10544 bytes failed: Only part of a ReadProcessMemory or WriteProcessMemory request was completed. (0x12B)
[0707/155323.291:ERROR:process_memory_win.cc(73)] ReadMemory at 0x1b564383920 of 1012 bytes failed: Only part of a ReadProcessMemory or WriteProcessMemory request was completed. (0x12B)
[0707/155323.291:ERROR:process_memory_win.cc(73)] ReadMemory at 0x1b564383f68 of 118 bytes failed: Only part of a ReadProcessMemory or WriteProcessMemory request was completed. (0x12B)
[0707/155323.291:ERROR:process_memory_win.cc(73)] ReadMemory at 0x1b564383fe0 of 838 bytes failed: Only part of a ReadProcessMemory or WriteProcessMemory request was completed. (0x12B)
[0707/155323.291:ERROR:process_memory_win.cc(73)] ReadMemory at 0x1b564384328 of 118 bytes failed: Only part of a ReadProcessMemory or WriteProcessMemory request was completed. (0x12B)
[0707/155323.291:ERROR:process_memory_win.cc(73)] ReadMemory at 0x1b5643843a0 of 102 bytes failed: Only part of a ReadProcessMemory or WriteProcessMemory request was completed. (0x12B)
[0707/155323.291:ERROR:process_memory_win.cc(73)] ReadMemory at 0x1b564384420 of 58 bytes failed: Only part of a ReadProcessMemory or WriteProcessMemory request was completed. (0x12B)
[0707/155323.291:ERROR:process_memory_win.cc(73)] ReadMemory at 0x1b564384520 of 132 bytes failed: Only part of a ReadProcessMemory or WriteProcessMemory request was completed. (0x12B)
[0707/155323.291:ERROR:process_memory_win.cc(73)] ReadMemory at 0x1b5643846b0 of 132 bytes failed: Only part of a ReadProcessMemory or WriteProcessMemory request was completed. (0x12B)
[0707/155323.292:ERROR:process_memory_win.cc(73)] ReadMemory at 0x1b564384870 of 126 bytes failed: Only part of a ReadProcessMemory or WriteProcessMemory request was completed. (0x12B)
[0707/155323.292:ERROR:process_memory_win.cc(73)] ReadMemory at 0x1b564384c50 of 132 bytes failed: Only part of a ReadProcessMemory or WriteProcessMemory request was completed. (0x12B)
[0707/155323.292:ERROR:process_memory_win.cc(73)] ReadMemory at 0x1b564384de0 of 64 bytes failed: Only part of a ReadProcessMemory or WriteProcessMemory request was completed. (0x12B)
[0707/155323.292:ERROR:process_memory_win.cc(73)] ReadMemory at 0x1b564384e30 of 132 bytes failed: Only part of a ReadProcessMemory or WriteProcessMemory request was completed. (0x12B)
[0707/155323.292:ERROR:process_memory_win.cc(73)] ReadMemory at 0x1b564384fa0 of 132 bytes failed: Only part of a ReadProcessMemory or WriteProcessMemory request was completed. (0x12B)
[0707/155323.292:ERROR:process_memory_win.cc(73)] ReadMemory at 0x1b564385240 of 132 bytes failed: Only part of a ReadProcessMemory or WriteProcessMemory request was completed. (0x12B)
[0707/155323.292:ERROR:process_memory_win.cc(73)] ReadMemory at 0x1b5643853d0 of 68 bytes failed: Only part of a ReadProcessMemory or WriteProcessMemory request was completed. (0x12B)
[0707/155323.292:ERROR:process_memory_win.cc(73)] ReadMemory at 0x1b5643864c0 of 132 bytes failed: Only part of a ReadProcessMemory or WriteProcessMemory request was completed. (0x12B)
[0707/155323.292:ERROR:process_memory_win.cc(73)] ReadMemory at 0x1b564386650 of 154 bytes failed: Only part of a ReadProcessMemory or WriteProcessMemory request was completed. (0x12B)
[0707/155323.292:ERROR:process_memory_win.cc(73)] ReadMemory at 0x1b564387500 of 62 bytes failed: Only part of a ReadProcessMemory or WriteProcessMemory request was completed. (0x12B)
[0707/155323.292:ERROR:process_memory_win.cc(73)] ReadMemory at 0x1b564387550 of 146 bytes failed: Only part of a ReadProcessMemory or WriteProcessMemory request was completed. (0x12B)
[0707/155323.292:ERROR:process_memory_win.cc(73)] ReadMemory at 0x1b564387630 of 132 bytes failed: Only part of a ReadProcessMemory or WriteProcessMemory request was completed. (0x12B)
[0707/155323.292:ERROR:process_memory_win.cc(73)] ReadMemory at 0x1b5643877c0 of 60 bytes failed: Only part of a ReadProcessMemory or WriteProcessMemory request was completed. (0x12B)
[0707/155323.292:ERROR:process_memory_win.cc(73)] ReadMemory at 0x1b56438bfb0 of 132 bytes failed: Only part of a ReadProcessMemory or WriteProcessMemory request was completed. (0x12B)
[0707/155323.293:ERROR:process_memory_win.cc(73)] ReadMemory at 0x1b56438c0e0 of 132 bytes failed: Only part of a ReadProcessMemory or WriteProcessMemory request was completed. (0x12B)
[0707/155323.293:ERROR:process_memory_win.cc(73)] ReadMemory at 0x1b56438c270 of 80 bytes failed: Only part of a ReadProcessMemory or WriteProcessMemory request was completed. (0x12B)
[0707/155323.293:ERROR:process_memory_win.cc(73)] ReadMemory at 0x1b56438c4b0 of 62 bytes failed: Only part of a ReadProcessMemory or WriteProcessMemory request was completed. (0x12B)
[0707/155323.293:ERROR:process_memory_win.cc(73)] ReadMemory at 0x1b56438c500 of 64 bytes failed: Only part of a ReadProcessMemory or WriteProcessMemory request was completed. (0x12B)
[0707/155323.293:ERROR:process_memory_win.cc(73)] ReadMemory at 0x1b56438c640 of 60 bytes failed: Only part of a ReadProcessMemory or WriteProcessMemory request was completed. (0x12B)
[0707/155323.293:ERROR:process_memory_win.cc(73)] ReadMemory at 0x1b56438c6e0 of 64 bytes failed: Only part of a ReadProcessMemory or WriteProcessMemory request was completed. (0x12B)
[0707/155323.293:ERROR:process_memory_win.cc(73)] ReadMemory at 0x1b56438c7d0 of 62 bytes failed: Only part of a ReadProcessMemory or WriteProcessMemory request was completed. (0x12B)
[0707/155323.293:ERROR:process_memory_win.cc(73)] ReadMemory at 0x1b56438c960 of 60 bytes failed: Only part of a ReadProcessMemory or WriteProcessMemory request was completed. (0x12B)
[0707/155323.293:ERROR:process_memory_win.cc(73)] ReadMemory at 0x1b56438caa0 of 66 bytes failed: Only part of a ReadProcessMemory or WriteProcessMemory request was completed. (0x12B)
[0707/155323.293:ERROR:process_memory_win.cc(73)] ReadMemory at 0x1b56438caf0 of 64 bytes failed: Only part of a ReadProcessMemory or WriteProcessMemory request was completed. (0x12B)
[0707/155323.293:ERROR:process_memory_win.cc(73)] ReadMemory at 0x1b56438cb40 of 64 bytes failed: Only part of a ReadProcessMemory or WriteProcessMemory request was completed. (0x12B)
[0707/155323.293:ERROR:process_memory_win.cc(73)] ReadMemory at 0x1b56438d3e0 of 80 bytes failed: Only part of a ReadProcessMemory or WriteProcessMemory request was completed. (0x12B)
[0707/155323.293:ERROR:process_memory_win.cc(73)] ReadMemory at 0x1b56438d7a0 of 76 bytes failed: Only part of a ReadProcessMemory or WriteProcessMemory request was completed. (0x12B)
[0707/155323.293:ERROR:process_memory_win.cc(73)] ReadMemory at 0x1b56438f300 of 132 bytes failed: Only part of a ReadProcessMemory or WriteProcessMemory request was completed. (0x12B)
[0707/155323.293:ERROR:process_memory_win.cc(73)] ReadMemory at 0x1b56438fd50 of 132 bytes failed: Only part of a ReadProcessMemory or WriteProcessMemory request was completed. (0x12B)
[0707/155323.293:ERROR:process_memory_win.cc(73)] ReadMemory at 0x1b564392350 of 54 bytes failed: Only part of a ReadProcessMemory or WriteProcessMemory request was completed. (0x12B)
[0707/155323.293:ERROR:process_memory_win.cc(73)] ReadMemory at 0x1b564392c60 of 132 bytes failed: Only part of a ReadProcessMemory or WriteProcessMemory request was completed. (0x12B)
[0707/155323.295:ERROR:process_memory_win.cc(73)] ReadMemory at 0x1b564392fc0 of 132 bytes failed: Only part of a ReadProcessMemory or WriteProcessMemory request was completed. (0x12B)
[0707/155323.295:ERROR:process_memory_win.cc(73)] ReadMemory at 0x1b5643931d0 of 132 bytes failed: Only part of a ReadProcessMemory or WriteProcessMemory request was completed. (0x12B)
[0707/155323.295:ERROR:process_memory_win.cc(73)] ReadMemory at 0x1b564394ea0 of 132 bytes failed: Only part of a ReadProcessMemory or WriteProcessMemory request was completed. (0x12B)
[0707/155323.295:ERROR:process_memory_win.cc(73)] ReadMemory at 0x1b5643950c0 of 132 bytes failed: Only part of a ReadProcessMemory or WriteProcessMemory request was completed. (0x12B)
[0707/155323.295:ERROR:process_memory_win.cc(73)] ReadMemory at 0x1b564396c60 of 132 bytes failed: Only part of a ReadProcessMemory or WriteProcessMemory request was completed. (0x12B)
[0707/155323.295:ERROR:process_memory_win.cc(73)] ReadMemory at 0x1b564396d90 of 132 bytes failed: Only part of a ReadProcessMemory or WriteProcessMemory request was completed. (0x12B)
[0707/155323.295:ERROR:process_memory_win.cc(73)] ReadMemory at 0x1b564396ec0 of 132 bytes failed: Only part of a ReadProcessMemory or WriteProcessMemory request was completed. (0x12B)
[0707/155323.295:ERROR:process_memory_win.cc(73)] ReadMemory at 0x1b564396ff0 of 132 bytes failed: Only part of a ReadProcessMemory or WriteProcessMemory request was completed. (0x12B)
[0707/155323.295:ERROR:process_memory_win.cc(73)] ReadMemory at 0x1b564397120 of 132 bytes failed: Only part of a ReadProcessMemory or WriteProcessMemory request was completed. (0x12B)
[0707/155323.296:ERROR:process_memory_win.cc(73)] ReadMemory at 0x1b564397250 of 132 bytes failed: Only part of a ReadProcessMemory or WriteProcessMemory request was completed. (0x12B)
[0707/155323.296:ERROR:process_memory_win.cc(73)] ReadMemory at 0x1b5643974b0 of 132 bytes failed: Only part of a ReadProcessMemory or WriteProcessMemory request was completed. (0x12B)
[0707/155323.296:ERROR:process_memory_win.cc(73)] ReadMemory at 0x1b5643975e0 of 132 bytes failed: Only part of a ReadProcessMemory or WriteProcessMemory request was completed. (0x12B)
[0707/155323.296:ERROR:process_memory_win.cc(73)] ReadMemory at 0x1b564397710 of 132 bytes failed: Only part of a ReadProcessMemory or WriteProcessMemory request was completed. (0x12B)
[0707/155323.296:ERROR:process_memory_win.cc(73)] ReadMemory at 0x1b564397840 of 132 bytes failed: Only part of a ReadProcessMemory or WriteProcessMemory request was completed. (0x12B)
[0707/155323.296:ERROR:process_memory_win.cc(73)] ReadMemory at 0x1b564397970 of 132 bytes failed: Only part of a ReadProcessMemory or WriteProcessMemory request was completed. (0x12B)
[0707/155323.296:ERROR:process_memory_win.cc(73)] ReadMemory at 0x1b564397aa0 of 132 bytes failed: Only part of a ReadProcessMemory or WriteProcessMemory request was completed. (0x12B)
[0707/155323.296:ERROR:process_memory_win.cc(73)] ReadMemory at 0x1b564397fd0 of 62 bytes failed: Only part of a ReadProcessMemory or WriteProcessMemory request was completed. (0x12B)
[0707/155323.296:ERROR:process_memory_win.cc(73)] ReadMemory at 0x1b5643980c0 of 62 bytes failed: Only part of a ReadProcessMemory or WriteProcessMemory request was completed. (0x12B)
[0707/155323.297:ERROR:process_memory_win.cc(73)] ReadMemory at 0x1b5643981b0 of 62 bytes failed: Only part of a ReadProcessMemory or WriteProcessMemory request was completed. (0x12B)
[0707/155323.297:ERROR:process_memory_win.cc(73)] ReadMemory at 0x1b564398200 of 64 bytes failed: Only part of a ReadProcessMemory or WriteProcessMemory request was completed. (0x12B)
[0707/155323.297:ERROR:process_memory_win.cc(73)] ReadMemory at 0x1b5643982f0 of 60 bytes failed: Only part of a ReadProcessMemory or WriteProcessMemory request was completed. (0x12B)
[0707/155323.297:ERROR:process_memory_win.cc(73)] ReadMemory at 0x1b564398480 of 60 bytes failed: Only part of a ReadProcessMemory or WriteProcessMemory request was completed. (0x12B)
[0707/155323.297:ERROR:process_memory_win.cc(73)] ReadMemory at 0x1b5643984d0 of 64 bytes failed: Only part of a ReadProcessMemory or WriteProcessMemory request was completed. (0x12B)
[0707/155323.297:ERROR:process_memory_win.cc(73)] ReadMemory at 0x1b5643985c0 of 62 bytes failed: Only part of a ReadProcessMemory or WriteProcessMemory request was completed. (0x12B)
[0707/155323.297:ERROR:process_memory_win.cc(73)] ReadMemory at 0x1b564398660 of 60 bytes failed: Only part of a ReadProcessMemory or WriteProcessMemory request was completed. (0x12B)
[0707/155323.297:ERROR:process_memory_win.cc(73)] ReadMemory at 0x1b5643986b0 of 62 bytes failed: Only part of a ReadProcessMemory or WriteProcessMemory request was completed. (0x12B)
[0707/155323.298:ERROR:process_memory_win.cc(73)] ReadMemory at 0x1b564398930 of 62 bytes failed: Only part of a ReadProcessMemory or WriteProcessMemory request was completed. (0x12B)
[0707/155323.298:ERROR:process_memory_win.cc(73)] ReadMemory at 0x1b564398b10 of 58 bytes failed: Only part of a ReadProcessMemory or WriteProcessMemory request was completed. (0x12B)
[0707/155323.298:ERROR:process_memory_win.cc(73)] ReadMemory at 0x1b564398bb0 of 60 bytes failed: Only part of a ReadProcessMemory or WriteProcessMemory request was completed. (0x12B)
[0707/155323.298:ERROR:process_memory_win.cc(73)] ReadMemory at 0x1b564398c00 of 64 bytes failed: Only part of a ReadProcessMemory or WriteProcessMemory request was completed. (0x12B)
[0707/155323.298:ERROR:process_memory_win.cc(73)] ReadMemory at 0x1b564398c50 of 62 bytes failed: Only part of a ReadProcessMemory or WriteProcessMemory request was completed. (0x12B)
[0707/155323.298:ERROR:process_memory_win.cc(73)] ReadMemory at 0x1b564398cf0 of 66 bytes failed: Only part of a ReadProcessMemory or WriteProcessMemory request was completed. (0x12B)
[0707/155323.298:ERROR:process_memory_win.cc(73)] ReadMemory at 0x1b564398d90 of 62 bytes failed: Only part of a ReadProcessMemory or WriteProcessMemory request was completed. (0x12B)
[0707/155323.298:ERROR:process_memory_win.cc(73)] ReadMemory at 0x1b564398f20 of 64 bytes failed: Only part of a ReadProcessMemory or WriteProcessMemory request was completed. (0x12B)
[0707/155323.298:ERROR:process_memory_win.cc(73)] ReadMemory at 0x1b564398fe0 of 132 bytes failed: Only part of a ReadProcessMemory or WriteProcessMemory request was completed. (0x12B)
[0707/155323.298:ERROR:process_memory_win.cc(73)] ReadMemory at 0x1b5643994a0 of 132 bytes failed: Only part of a ReadProcessMemory or WriteProcessMemory request was completed. (0x12B)
[0707/155323.298:ERROR:process_memory_win.cc(73)] ReadMemory at 0x1b564399960 of 132 bytes failed: Only part of a ReadProcessMemory or WriteProcessMemory request was completed. (0x12B)
[0707/155323.298:ERROR:process_memory_win.cc(73)] ReadMemory at 0x1b564399cf0 of 132 bytes failed: Only part of a ReadProcessMemory or WriteProcessMemory request was completed. (0x12B)
[0707/155323.298:ERROR:process_memory_win.cc(73)] ReadMemory at 0x1b564399e20 of 132 bytes failed: Only part of a ReadProcessMemory or WriteProcessMemory request was completed. (0x12B)
[0707/155323.299:ERROR:process_memory_win.cc(73)] ReadMemory at 0x1b564399f50 of 132 bytes failed: Only part of a ReadProcessMemory or WriteProcessMemory request was completed. (0x12B)
[0707/155323.299:ERROR:process_memory_win.cc(73)] ReadMemory at 0x1b56439a1b0 of 132 bytes failed: Only part of a ReadProcessMemory or WriteProcessMemory request was completed. (0x12B)
[0707/155323.299:ERROR:process_memory_win.cc(73)] ReadMemory at 0x1b56439a2e0 of 132 bytes failed: Only part of a ReadProcessMemory or WriteProcessMemory request was completed. (0x12B)
[0707/155323.299:ERROR:process_memory_win.cc(73)] ReadMemory at 0x1b56439a670 of 132 bytes failed: Only part of a ReadProcessMemory or WriteProcessMemory request was completed. (0x12B)
[0707/155323.299:ERROR:process_memory_win.cc(73)] ReadMemory at 0x1b56439ac60 of 132 bytes failed: Only part of a ReadProcessMemory or WriteProcessMemory request was completed. (0x12B)
[0707/155323.299:ERROR:process_memory_win.cc(73)] ReadMemory at 0x1b5643afb70 of 512 bytes failed: Only part of a ReadProcessMemory or WriteProcessMemory request was completed. (0x12B)
[0707/155323.299:ERROR:process_memory_win.cc(73)] ReadMemory at 0x1b5643b0920 of 512 bytes failed: Only part of a ReadProcessMemory or WriteProcessMemory request was completed. (0x12B)
[0707/155323.299:ERROR:process_memory_win.cc(73)] ReadMemory at 0x1b5645210c0 of 512 bytes failed: Only part of a ReadProcessMemory or WriteProcessMemory request was completed. (0x12B)
[0707/155323.299:ERROR:process_memory_win.cc(73)] ReadMemory at 0x1b564521d80 of 512 bytes failed: Only part of a ReadProcessMemory or WriteProcessMemory request was completed. (0x12B)
[0707/155323.300:ERROR:process_memory_win.cc(73)] ReadMemory at 0x1b564522800 of 512 bytes failed: Only part of a ReadProcessMemory or WriteProcessMemory request was completed. (0x12B)
[0707/155323.300:ERROR:process_memory_win.cc(73)] ReadMemory at 0x1b5646557f0 of 512 bytes failed: Only part of a ReadProcessMemory or WriteProcessMemory request was completed. (0x12B)
[0707/155323.300:ERROR:process_memory_win.cc(73)] ReadMemory at 0x1b56467e510 of 712 bytes failed: Only part of a ReadProcessMemory or WriteProcessMemory request was completed. (0x12B)
[0707/155323.300:ERROR:process_memory_win.cc(73)] ReadMemory at 0x1b5646833c0 of 512 bytes failed: Only part of a ReadProcessMemory or WriteProcessMemory request was completed. (0x12B)
[0707/155323.300:ERROR:process_memory_win.cc(73)] ReadMemory at 0x1b5646b8ff0 of 512 bytes failed: Only part of a ReadProcessMemory or WriteProcessMemory request was completed. (0x12B)
[0707/155323.300:ERROR:process_memory_win.cc(73)] ReadMemory at 0x1b5646d3c60 of 512 bytes failed: Only part of a ReadProcessMemory or WriteProcessMemory request was completed. (0x12B)
[0707/155323.300:ERROR:process_memory_win.cc(73)] ReadMemory at 0x1b5646db0c8 of 512 bytes failed: Only part of a ReadProcessMemory or WriteProcessMemory request was completed. (0x12B)
[0707/155323.300:ERROR:process_memory_win.cc(73)] ReadMemory at 0x1b5646df110 of 512 bytes failed: Only part of a ReadProcessMemory or WriteProcessMemory request was completed. (0x12B)
[0707/155323.300:ERROR:process_memory_win.cc(73)] ReadMemory at 0x1b5660f7b10 of 512 bytes failed: Only part of a ReadProcessMemory or WriteProcessMemory request was completed. (0x12B)
[0707/155323.300:ERROR:process_memory_win.cc(73)] ReadMemory at 0x1b566266f30 of 512 bytes failed: Only part of a ReadProcessMemory or WriteProcessMemory request was completed. (0x12B)
[0707/155323.301:ERROR:process_memory_win.cc(73)] ReadMemory at 0x7ffc5edd46ab of 512 bytes failed: Only part of a ReadProcessMemory or WriteProcessMemory request was completed. (0x12B)
[0707/155323.301:ERROR:process_memory_win.cc(73)] ReadMemory at 0x7ffc611e8cfc of 512 bytes failed: Only part of a ReadProcessMemory or WriteProcessMemory request was completed. (0x12B)
[0707/155323.301:ERROR:process_memory_win.cc(73)] ReadMemory at 0x7ffc6196074e of 553 bytes failed: Only part of a ReadProcessMemory or WriteProcessMemory request was completed. (0x12B)
[0707/155323.301:ERROR:process_memory_win.cc(73)] ReadMemory at 0x7ffc66401490 of 512 bytes failed: Only part of a ReadProcessMemory or WriteProcessMemory request was completed. (0x12B)
[0707/155323.301:ERROR:process_memory_win.cc(73)] ReadMemory at 0x7ffcc56cc6e0 of 512 bytes failed: Only part of a ReadProcessMemory or WriteProcessMemory request was completed. (0x12B)
[0707/155323.301:ERROR:process_memory_win.cc(73)] ReadMemory at 0x7ffcc847c074 of 832 bytes failed: Only part of a ReadProcessMemory or WriteProcessMemory request was completed. (0x12B)
[0707/155323.301:ERROR:process_memory_win.cc(73)] ReadMemory at 0x7ffcc847f924 of 608 bytes failed: Only part of a ReadProcessMemory or WriteProcessMemory request was completed. (0x12B)
[0707/155323.301:ERROR:process_memory_win.cc(73)] ReadMemory at 0x7ffcc850c428 of 18 bytes failed: Only part of a ReadProcessMemory or WriteProcessMemory request was completed. (0x12B)
[0707/155323.301:ERROR:process_memory_win.cc(73)] ReadMemory at 0x7ffcc853f4f8 of 40 bytes failed: Only part of a ReadProcessMemory or WriteProcessMemory request was completed. (0x12B)
[0707/155323.301:ERROR:process_memory_win.cc(73)] ReadMemory at 0x7ffcc853f978 of 48 bytes failed: Only part of a ReadProcessMemory or WriteProcessMemory request was completed. (0x12B)
[0707/155323.307:ERROR:process_memory_win.cc(73)] ReadMemory at 0x7ffcc85453c0 of 64 bytes failed: Only part of a ReadProcessMemory or WriteProcessMemory request was completed. (0x12B)
[0707/155323.312:ERROR:scoped_process_suspend.cc(40)] NtResumeProcess: An attempt was made to access an exiting process. (0xc000010a)
